<?xml version="1.0" encoding="UTF-8"?>
<testng-results ignored="0" total="1" passed="1" failed="0" skipped="0">
  <reporter-output>
  </reporter-output>
  <suite started-at="2026-01-13T15:26:13 IST" name="Default suite" finished-at="2026-01-13T15:26:13 IST" duration-ms="675">
    <groups>
    </groups>
    <test started-at="2026-01-13T15:26:13 IST" name="Default test" finished-at="2026-01-13T15:26:13 IST" duration-ms="675">
      <class name="testcases.practiceAutomation">
        <test-method is-config="true" signature="setup()[pri:0, instance:testcases.practiceAutomation@49438269]" started-at="2026-01-13T15:25:55 IST" name="setup" finished-at="2026-01-13T15:26:13 IST" duration-ms="17636" status="PASS">
          <reporter-output>
          </reporter-output>
        </test-method> <!-- setup -->
        <test-method signature="empty()[pri:0, instance:testcases.practiceAutomation@49438269]" started-at="2026-01-13T15:26:13 IST" name="empty" finished-at="2026-01-13T15:26:13 IST" duration-ms="537" status="PASS">
          <reporter-output>
          </reporter-output>
        </test-method> <!-- empty -->
      </class> <!-- testcases.practiceAutomation -->
    </test> <!-- Default test -->
  </suite> <!-- Default suite -->
</testng-results>
